<?xml version="1.0" encoding="UTF-8"?>
<!-- Generated by org.testng.reporters.JUnitReportReporter -->
<testsuite hostname="SK11Q" failures="0" tests="4" name="com.tutorialsninja.demo.testsuite.DesktopsTest" time="92.629" errors="0" timestamp="2023-12-12T21:59:42 GMT" skipped="0">
  <testcase classname="com.tutorialsninja.demo.testsuite.DesktopsTest" name="verifyProductAddedToShoppingCartSuccessFully" time="28.879"/>
  <testcase classname="com.tutorialsninja.demo.testsuite.DesktopsTest" name="verifyProductArrangeInAlphaBaticalOrder" time="6.777"/>
  <testcase classname="com.tutorialsninja.demo.testsuite.DesktopsTest" name="verifyProductAddedToShoppingCartSuccessFully" time="28.695"/>
  <testcase classname="com.tutorialsninja.demo.testsuite.DesktopsTest" name="verifyProductAddedToShoppingCartSuccessFully" time="28.278"/>
</testsuite> <!-- com.tutorialsninja.demo.testsuite.DesktopsTest -->
