<?xml version="1.0" encoding="UTF-8"?>
<!-- Generated by org.testng.reporters.JUnitReportReporter -->
<testsuite hostname="SK11Q" failures="0" tests="3" name="com.tutorialsninja.demo.testsuite.TopMenuTest" time="18.660" errors="0" timestamp="2023-12-12T21:59:42 GMT" skipped="0">
  <testcase classname="com.tutorialsninja.demo.testsuite.TopMenuTest" name="verifyUserShouldNavigateToDesktopsPageSuccessfully" time="6.434"/>
  <testcase classname="com.tutorialsninja.demo.testsuite.TopMenuTest" name="verifyUserShouldNavigateToLaptopsAndNotebooksPageSuccessfully" time="5.965"/>
  <testcase classname="com.tutorialsninja.demo.testsuite.TopMenuTest" name="verifyUserShouldNavigateToComponentsPageSuccessfully" time="6.261"/>
</testsuite> <!-- com.tutorialsninja.demo.testsuite.TopMenuTest -->
