<?xml version="1.0" encoding="UTF-8"?>
<!-- Generated by org.testng.reporters.JUnitReportReporter -->
<testsuite hostname="SK11Q" failures="0" tests="4" name="com.tutorialsninja.demo.testsuite.MyAccountsTest" time="105.575" errors="0" timestamp="2023-12-12T21:59:42 GMT" skipped="0">
  <testcase classname="com.tutorialsninja.demo.testsuite.MyAccountsTest" name="verifyUserShouldNavigateToRegisterPageSuccessfully" time="62.703"/>
  <testcase classname="com.tutorialsninja.demo.testsuite.MyAccountsTest" name="verifyThatUserShouldLoginAndLogoutSuccessfully" time="8.279"/>
  <testcase classname="com.tutorialsninja.demo.testsuite.MyAccountsTest" name="verifyThatUserRegisterAccountSuccessfully" time="29.092"/>
  <testcase classname="com.tutorialsninja.demo.testsuite.MyAccountsTest" name="verifyUserShouldNavigateToLoginPageSuccessfully" time="5.501"/>
</testsuite> <!-- com.tutorialsninja.demo.testsuite.MyAccountsTest -->
